<?xml version="1.0" encoding="UTF-8"?>
<testsuite name="cz.educanet.CaculateTest" tests="6" skipped="0" failures="0" errors="0" timestamp="2021-05-15T12:36:40" hostname="DESKTOP-LOID1FF" time="0.006">
  <properties/>
  <testcase name="testSum" classname="cz.educanet.CaculateTest" time="0.002"/>
  <testcase name="testPower" classname="cz.educanet.CaculateTest" time="0.001"/>
  <testcase name="testTimes" classname="cz.educanet.CaculateTest" time="0.0"/>
  <testcase name="testFactorial" classname="cz.educanet.CaculateTest" time="0.001"/>
  <testcase name="testSubstract" classname="cz.educanet.CaculateTest" time="0.0"/>
  <testcase name="testDivide" classname="cz.educanet.CaculateTest" time="0.001"/>
  <system-out><![CDATA[]]></system-out>
  <system-err><![CDATA[]]></system-err>
</testsuite>
